<?xml version='1.0'?>
<ns2:test-suite xmlns:ns2='urn:model.allure.qatools.yandex.ru' start='1666629289463' stop='1666629289464'>
    <name>Voice</name>
    <title>Voice</title>
    <test-cases>
        <test-case start='1666629289463' status='pending' stop='1666629289463'>
            <name>Check 'Outbound Voice Profiles' page</name>
            <title>Check 'Outbound Voice Profiles' page</title>
            <labels/>
            <parameters/>
            <steps/>
            <attachments/>
            <failure>
                <message>Test ignored</message>
                <stack-trace>undefined</stack-trace>
            </failure>
        </test-case>
        <test-case start='1666629289464' status='pending' stop='1666629289464'>
            <name>Delete 'Outbound Voice Profile' on  'Outbound Voice Profiles' page</name>
            <title>Delete 'Outbound Voice Profile' on  'Outbound Voice Profiles' page</title>
            <labels/>
            <parameters/>
            <steps/>
            <attachments/>
            <failure>
                <message>Test ignored</message>
                <stack-trace>undefined</stack-trace>
            </failure>
        </test-case>
        <test-case start='1666629289464' status='pending' stop='1666629289464'>
            <name>Check 'Programmable Voice' page</name>
            <title>Check 'Programmable Voice' page</title>
            <labels/>
            <parameters/>
            <steps/>
            <attachments/>
            <failure>
                <message>Test ignored</message>
                <stack-trace>undefined</stack-trace>
            </failure>
        </test-case>
        <test-case start='1666629289464' status='pending' stop='1666629289464'>
            <name>Delete Voice API Applications from 'Programmable Voice' page</name>
            <title>Delete Voice API Applications from 'Programmable Voice' page</title>
            <labels/>
            <parameters/>
            <steps/>
            <attachments/>
            <failure>
                <message>Test ignored</message>
                <stack-trace>undefined</stack-trace>
            </failure>
        </test-case>
    </test-cases>
</ns2:test-suite>